<?xml version="1.0" encoding="UTF-8"?>
<!-- Generated by org.testng.reporters.JUnitReportReporter -->
<testsuite hostname="LAPTOP-IDOFSBDA" failures="0" tests="1" name="tests.SignupTest" time="28.241" errors="0" timestamp="2023-02-14T17:30:36 IST" skipped="0">
  <testcase classname="tests.SignupTest" name="registrationfields" time="28.241"/>
  <system-out/>
</testsuite> <!-- tests.SignupTest -->
