<?xml version="1.0" encoding="UTF-8"?>
<!-- Generated by org.testng.reporters.JUnitReportReporter -->
<testsuite hostname="LAPTOP-IDOFSBDA" failures="0" tests="1" name="tests.SearchItemTest" time="65.436" errors="0" timestamp="2023-02-14T13:16:01 IST" skipped="0">
  <testcase classname="tests.SearchItemTest" name="SearchandAdd" time="65.436"/>
  <system-out/>
</testsuite> <!-- tests.SearchItemTest -->
