<?xml version="1.0" encoding="UTF-8"?>
<!-- Generated by org.testng.reporters.JUnitReportReporter -->
<testsuite hostname="LAPTOP-IDOFSBDA" failures="0" tests="5" name="tests.BottomlinksTest" time="132.836" errors="0" timestamp="2023-02-14T17:30:36 IST" skipped="0">
  <testcase classname="tests.BottomlinksTest" name="Bottomlink5" time="17.986"/>
  <system-out/>
  <testcase classname="tests.BottomlinksTest" name="Bottomlink1" time="30.358"/>
  <system-out/>
  <testcase classname="tests.BottomlinksTest" name="Bottomlink2" time="27.193"/>
  <system-out/>
  <testcase classname="tests.BottomlinksTest" name="Bottomlink3" time="28.269"/>
  <system-out/>
  <testcase classname="tests.BottomlinksTest" name="Bottomlink4" time="29.030"/>
  <system-out/>
</testsuite> <!-- tests.BottomlinksTest -->
